<?xml version="1.0" encoding="UTF-8"?>
<!-- Generated by org.testng.reporters.JUnitXMLReporter -->
<testsuite hostname="DESKTOP-8N0O4EO" name="Command line test" tests="3" failures="1" timestamp="4 Dec 2019 09:44:19 GMT" time="1.625" errors="0">
  <testcase name="checkApiFindByproperty" time="1.487" classname="vn.webtienganh.core.ListenGuideLineTest">
    <failure type="java.lang.ExceptionInInitializerError">
      <![CDATA[java.lang.ExceptionInInitializerError
	at vn.webtienganh.core.common.utils.HibernateUtils.buildSessionFactory(HibernateUtils.java:16)
	at vn.webtienganh.core.common.utils.HibernateUtils.<clinit>(HibernateUtils.java:8)
	at vn.webtienganh.core.data.daoimpl.AbstractDao.findByProperty(AbstractDao.java:108)
	at vn.webtienganh.core.ListenGuideLineTest.checkApiFindByproperty(ListenGuideLineTest.java:29)
Caused by: org.hibernate.AnnotationException: Use of @OneToMany or @ManyToMany targeting an unmapped class: vn.webtienganh.core.persistence.entity.UserEntity.resultEntityList[vn.webtienganh.core.persistence.entity.ResultEntity]
	at org.hibernate.cfg.annotations.CollectionBinder.bindManyToManySecondPass(CollectionBinder.java:1134)
	at org.hibernate.cfg.annotations.CollectionBinder.bindStarToManySecondPass(CollectionBinder.java:793)
	at org.hibernate.cfg.annotations.CollectionBinder$1.secondPass(CollectionBinder.java:728)
	at org.hibernate.cfg.CollectionSecondPass.doSecondPass(CollectionSecondPass.java:70)
	at org.hibernate.cfg.Configuration.originalSecondPassCompile(Configuration.java:1695)
	at org.hibernate.cfg.Configuration.secondPassCompile(Configuration.java:1424)
	at org.hibernate.cfg.Configuration.buildSessionFactory(Configuration.java:1844)
	at org.hibernate.cfg.Configuration.buildSessionFactory(Configuration.java:1928)
	at vn.webtienganh.core.common.utils.HibernateUtils.buildSessionFactory(HibernateUtils.java:13)
	... 37 more
... Removed 34 stack frames]]>
    </failure>
  </testcase> <!-- checkApiFindByproperty -->
  <testcase name="findByPropertiesTest" time="0.0" classname="vn.webtienganh.core.ListenGuideLineTest"/>
  <testcase name="checkIsUserExist" time="0.0" classname="vn.webtienganh.core.LoginTest"/>
</testsuite> <!-- Command line test -->
