<?xml version="1.0" encoding="UTF-8"?>
<testng-results skipped="0" failed="1" total="3" passed="2">
  <reporter-output>
  </reporter-output>
  <suite name="Command line suite" duration-ms="1625" started-at="2019-12-04T09:44:17Z" finished-at="2019-12-04T09:44:19Z">
    <groups>
    </groups>
    <test name="Command line test" duration-ms="1625" started-at="2019-12-04T09:44:17Z" finished-at="2019-12-04T09:44:19Z">
      <class name="vn.webtienganh.core.LoginTest">
        <test-method status="PASS" signature="checkIsUserExist()[pri:0, instance:vn.webtienganh.core.LoginTest@77b52d12]" name="checkIsUserExist" duration-ms="0" started-at="2019-12-04T16:44:19Z" finished-at="2019-12-04T16:44:19Z">
          <reporter-output>
          </reporter-output>
        </test-method> <!-- checkIsUserExist -->
      </class> <!-- vn.webtienganh.core.LoginTest -->
      <class name="vn.webtienganh.core.ListenGuideLineTest">
        <test-method status="PASS" signature="initData()[pri:0, instance:vn.webtienganh.core.ListenGuideLineTest@735f7ae5]" name="initData" is-config="true" duration-ms="124" started-at="2019-12-04T16:44:17Z" finished-at="2019-12-04T16:44:17Z">
          <reporter-output>
          </reporter-output>
        </test-method> <!-- initData -->
        <test-method status="FAIL" signature="checkApiFindByproperty()[pri:0, instance:vn.webtienganh.core.ListenGuideLineTest@735f7ae5]" name="checkApiFindByproperty" duration-ms="1487" started-at="2019-12-04T16:44:17Z" finished-at="2019-12-04T16:44:19Z">
          <exception class="java.lang.ExceptionInInitializerError">
            <full-stacktrace>
              <![CDATA[java.lang.ExceptionInInitializerError
	at vn.webtienganh.core.common.utils.HibernateUtils.buildSessionFactory(HibernateUtils.java:16)
	at vn.webtienganh.core.common.utils.HibernateUtils.<clinit>(HibernateUtils.java:8)
	at vn.webtienganh.core.data.daoimpl.AbstractDao.findByProperty(AbstractDao.java:108)
	at vn.webtienganh.core.ListenGuideLineTest.checkApiFindByproperty(ListenGuideLineTest.java:29)
	at sun.reflect.NativeMethodAccessorImpl.invoke0(Native Method)
	at sun.reflect.NativeMethodAccessorImpl.invoke(NativeMethodAccessorImpl.java:62)
	at sun.reflect.DelegatingMethodAccessorImpl.invoke(DelegatingMethodAccessorImpl.java:43)
	at java.lang.reflect.Method.invoke(Method.java:498)
	at org.testng.internal.MethodInvocationHelper.invokeMethod(MethodInvocationHelper.java:84)
	at org.testng.internal.Invoker.invokeMethod(Invoker.java:714)
	at org.testng.internal.Invoker.invokeTestMethod(Invoker.java:901)
	at org.testng.internal.Invoker.invokeTestMethods(Invoker.java:1231)
	at org.testng.internal.TestMethodWorker.invokeTestMethods(TestMethodWorker.java:127)
	at org.testng.internal.TestMethodWorker.run(TestMethodWorker.java:111)
	at org.testng.TestRunner.privateRun(TestRunner.java:767)
	at org.testng.TestRunner.run(TestRunner.java:617)
	at org.testng.SuiteRunner.runTest(SuiteRunner.java:334)
	at org.testng.SuiteRunner.runSequentially(SuiteRunner.java:329)
	at org.testng.SuiteRunner.privateRun(SuiteRunner.java:291)
	at org.testng.SuiteRunner.run(SuiteRunner.java:240)
	at org.testng.SuiteRunnerWorker.runSuite(SuiteRunnerWorker.java:52)
	at org.testng.SuiteRunnerWorker.run(SuiteRunnerWorker.java:86)
	at org.testng.TestNG.runSuitesSequentially(TestNG.java:1224)
	at org.testng.TestNG.runSuitesLocally(TestNG.java:1149)
	at org.testng.TestNG.run(TestNG.java:1057)
	at org.apache.maven.surefire.testng.TestNGExecutor.run(TestNGExecutor.java:77)
	at org.apache.maven.surefire.testng.TestNGDirectoryTestSuite.executeMulti(TestNGDirectoryTestSuite.java:159)
	at org.apache.maven.surefire.testng.TestNGDirectoryTestSuite.execute(TestNGDirectoryTestSuite.java:99)
	at org.apache.maven.surefire.testng.TestNGProvider.invoke(TestNGProvider.java:106)
	at sun.reflect.NativeMethodAccessorImpl.invoke0(Native Method)
	at sun.reflect.NativeMethodAccessorImpl.invoke(NativeMethodAccessorImpl.java:62)
	at sun.reflect.DelegatingMethodAccessorImpl.invoke(DelegatingMethodAccessorImpl.java:43)
	at java.lang.reflect.Method.invoke(Method.java:498)
	at org.apache.maven.surefire.util.ReflectionUtils.invokeMethodWithArray(ReflectionUtils.java:189)
	at org.apache.maven.surefire.booter.ProviderFactory$ProviderProxy.invoke(ProviderFactory.java:165)
	at org.apache.maven.surefire.booter.ProviderFactory.invokeProvider(ProviderFactory.java:85)
	at org.apache.maven.surefire.booter.ForkedBooter.runSuitesInProcess(ForkedBooter.java:115)
	at org.apache.maven.surefire.booter.ForkedBooter.main(ForkedBooter.java:75)
Caused by: org.hibernate.AnnotationException: Use of @OneToMany or @ManyToMany targeting an unmapped class: vn.webtienganh.core.persistence.entity.UserEntity.resultEntityList[vn.webtienganh.core.persistence.entity.ResultEntity]
	at org.hibernate.cfg.annotations.CollectionBinder.bindManyToManySecondPass(CollectionBinder.java:1134)
	at org.hibernate.cfg.annotations.CollectionBinder.bindStarToManySecondPass(CollectionBinder.java:793)
	at org.hibernate.cfg.annotations.CollectionBinder$1.secondPass(CollectionBinder.java:728)
	at org.hibernate.cfg.CollectionSecondPass.doSecondPass(CollectionSecondPass.java:70)
	at org.hibernate.cfg.Configuration.originalSecondPassCompile(Configuration.java:1695)
	at org.hibernate.cfg.Configuration.secondPassCompile(Configuration.java:1424)
	at org.hibernate.cfg.Configuration.buildSessionFactory(Configuration.java:1844)
	at org.hibernate.cfg.Configuration.buildSessionFactory(Configuration.java:1928)
	at vn.webtienganh.core.common.utils.HibernateUtils.buildSessionFactory(HibernateUtils.java:13)
	... 37 more
]]>
            </full-stacktrace>
          </exception> <!-- java.lang.ExceptionInInitializerError -->
          <reporter-output>
          </reporter-output>
        </test-method> <!-- checkApiFindByproperty -->
        <test-method status="PASS" signature="findByPropertiesTest()[pri:0, instance:vn.webtienganh.core.ListenGuideLineTest@735f7ae5]" name="findByPropertiesTest" duration-ms="0" started-at="2019-12-04T16:44:19Z" finished-at="2019-12-04T16:44:19Z">
          <reporter-output>
          </reporter-output>
        </test-method> <!-- findByPropertiesTest -->
      </class> <!-- vn.webtienganh.core.ListenGuideLineTest -->
    </test> <!-- Command line test -->
  </suite> <!-- Command line suite -->
</testng-results>
